<?xml version="1.0" encoding="UTF-8"?>
<!-- Generated by org.testng.reporters.JUnitReportReporter -->
<testsuite hostname="nblap196" failures="0" tests="5" name="Com.inetBanking_001.TestCases.TestCase_002" time="50.230" errors="0" timestamp="09 Feb 2021 08:17:57 GMT" skipped="0">
  <testcase classname="Com.inetBanking_001.TestCases.TestCase_002" name="loginDD" time="12.773"/>
  <testcase classname="Com.inetBanking_001.TestCases.TestCase_002" name="loginDD" time="9.299"/>
  <testcase classname="Com.inetBanking_001.TestCases.TestCase_002" name="loginDD" time="9.481"/>
  <testcase classname="Com.inetBanking_001.TestCases.TestCase_002" name="loginDD" time="9.456"/>
  <testcase classname="Com.inetBanking_001.TestCases.TestCase_002" name="loginDD" time="9.221"/>
</testsuite> <!-- Com.inetBanking_001.TestCases.TestCase_002 -->
