<?xml version="1.0" encoding="UTF-8"?>
<!-- Generated by org.testng.reporters.JUnitReportReporter -->
<testsuite hostname="nblap196" failures="0" tests="5" name="Com.inetBanking_001.TestCases.TestCase_002" time="51.759" errors="0" timestamp="12 Feb 2021 06:15:42 GMT" skipped="0">
  <testcase classname="Com.inetBanking_001.TestCases.TestCase_002" name="loginDD" time="9.397"/>
  <testcase classname="Com.inetBanking_001.TestCases.TestCase_002" name="loginDD" time="9.826"/>
  <testcase classname="Com.inetBanking_001.TestCases.TestCase_002" name="loginDD" time="9.710"/>
  <testcase classname="Com.inetBanking_001.TestCases.TestCase_002" name="loginDD" time="13.338"/>
  <testcase classname="Com.inetBanking_001.TestCases.TestCase_002" name="loginDD" time="9.488"/>
</testsuite> <!-- Com.inetBanking_001.TestCases.TestCase_002 -->
